MPASM  5.50                           A2D.ASM   2-7-2015  17:39:08         PAGE  1


LOC  OBJECT CODE     LINE SOURCE TEXT
  VALUE

                      00001 ; This program is a simple implementation of the
                      00002 ; PIC18C452's A/D. 
                      00003 ;
                      00004 ; One Channel is selected (AN0).
                      00005 ; The hardware for this program is the PICDEM-2 board. The program 
                      00006 ; converts the potentiometer value on RA0 and displays it as
                      00007 ; an 8 bit binary value on Port B.
                      00008 ;
                      00009 ; The A/D is configured as follows:
                      00010 ; Vref = +5V internal
                      00011 ; A/D Osc. = internal RC
                      00012 ; A/D Channel = AN0 (RA0)
                      00013 
Warning[215]: Processor superseded by command line.  Verify processor symbol.
                      00014         LIST P=18C452
                      00015         #include <P18C452.INC>  ; File contains addresses for register and bit names
                      00001         LIST
                      00002 
                      00003 ;==========================================================================
                      00004 ;  MPASM PIC18C452 processor include
                      00005 ; 
                      00006 ;  (c) Copyright 1999-2013 Microchip Technology, All rights reserved
                      00007 ;==========================================================================
                      00008 
Message[301]: MESSAGE: (Processor-header file mismatch.  Verify selected processor.)
                      01071         LIST
                      00016 
                      00017 ;************************************************************
                      00018 ; reset and interrupt vectors
                      00019 
000000                00020         org     0x00000 ; Reset Vector Address
000000 EF10 F000      00021         goto    Start
                      00022 
000008                00023         org     0x00008 ; Interrupt Vector Address
000008 EF19 F000      00024         goto    ISR     ; goto Interrupt Service Routine        
                      00025 
                      00026 ;************************************************************
                      00027 ; program code starts here
                      00028 
000020                00029         org     0x00020
000020                00030 Start
000020 6A81           00031         clrf    PORTB           ; clear all bits of PORTB       
000022 6A93           00032         clrf    TRISB           ; Set PORTB as outputs
                      00033 
000024 EC27 F000      00034         call    InitializeAD    ; configure A/D module
                      00035         
000028 EC30 F000      00036         call    SetupDelay      ; delay for 15 instruction cycles
                      00037 
00002C 84C2           00038         bsf     ADCON0,GO       ; Start first A/D conversion
                      00039 
00002E EF17 F000      00040 Main    goto    Main            ; do nothing loop
                      00041 
                      00042 ;************************************************************
MPASM  5.50                           A2D.ASM   2-7-2015  17:39:08         PAGE  2


LOC  OBJECT CODE     LINE SOURCE TEXT
  VALUE

                      00043 ; Service A/D interrupt
                      00044 ; Get value and display on LEDs
                      00045 
000032                00046 ISR
                      00047         ; Save context (WREG and STATUS) if required.
                      00048 
000032 AC9E           00049         btfss   PIR1,ADIF       ; Did A/D cause interrupt?
000034 EF24 F000      00050         goto    OtherInt        ; No, check other sources
                      00051         
000038 50C4           00052         movf    ADRESH,W        ; Get A/D value
00003A 6E8A           00053         movwf   LATB            ; Display on LEDs
00003C 9C9E           00054         bcf     PIR1,ADIF       ; Reset A/D int flag
                      00055 
00003E EC30 F000      00056         call    SetupDelay      ; Delay for 15 cycles
                      00057 
000042 84C2           00058         bsf     ADCON0,GO       ; Start A/D conversion
                      00059 
000044 EF26 F000      00060         goto    EndISR          ; return from ISR
                      00061 
000048                00062 OtherInt
                      00063         ; This would be replaced by code to check and service other interrupt sources
000048 EF24 F000      00064         goto    $       ; trap here, loops to self
                      00065 
00004C                00066 EndISR
                      00067         ; Restore context if saved.
                      00068 
00004C 0010           00069         retfie          ; Return, enables GIE
                      00070 
                      00071 ;************************************************************
                      00072 ; InitializeAD - initializes and sets up the A/D hardware.
                      00073 ; Select AN0 to AN3 as analog inputs, RC clock, and read AN0.
                      00074 
00004E                00075 InitializeAD
00004E 0E04           00076         movlw   B'00000100'     ; Make RA0,RA1,RA4 analog inputs
000050 6EC1           00077         movwf   ADCON1
                      00078 
000052 0EC1           00079         movlw   B'11000001'     ; Select RC osc, AN0 selected,
000054 6EC2           00080         movwf   ADCON0          ; A/D enabled
                      00081 
000056 9C9E           00082         bcf     PIR1,ADIF       ; Clear A/D interrupt flag
000058 8C9D           00083         bsf     PIE1,ADIE       ; Enable A/D interrupt
                      00084         
00005A 8CF2           00085         bsf     INTCON,PEIE     ; Enable peripheral interrupts
00005C 8EF2           00086         bsf     INTCON,GIE      ; Enable Global interrupts
                      00087 
00005E 0012           00088         return
                      00089 
                      00090 ;************************************************************
                      00091 ; This is used to allow the A/D time to sample the input
                      00092 ; (acquisition time).
                      00093 ;
                      00094 ; This routine requires 11 cycles to complete.
                      00095 ; The call and return add another 4 cycles.
MPASM  5.50                           A2D.ASM   2-7-2015  17:39:08         PAGE  3


LOC  OBJECT CODE     LINE SOURCE TEXT
  VALUE

                      00096 ;
                      00097 ; 15 cycles with Fosc=4MHz means this delay consumes 15us.
                      00098 
000060                00099 SetupDelay
000060 0E03           00100         movlw   .3              ; Load Temp with decimal 3
Error[113]  : Symbol not previously defined (TEMP)
000062 6E00           00101         movwf   TEMP
000064                00102 SD
Error[113]  : Symbol not previously defined (TEMP)
000064 2E00           00103         decfsz  TEMP, F         ; Delay loop
000066 EF32 F000      00104         goto    SD
00006A 0012           00105         return
                      00106 
                      00107         END
MPASM  5.50                           A2D.ASM   2-7-2015  17:39:08         PAGE  4


SYMBOL TABLE
  LABEL                             VALUE 

A                                 00000000
ACCESS                            00000000
ACKDT                             00000005
ACKEN                             00000004
ACKSTAT                           00000006
ADCON0                            00000FC2
ADCON1                            00000FC1
ADCS0                             00000006
ADCS1                             00000007
ADCS2                             00000006
ADDEN                             00000003
ADFM                              00000007
ADIE                              00000006
ADIF                              00000006
ADIP                              00000006
ADON                              00000000
ADRES                             00000FC3
ADRESH                            00000FC4
ADRESL                            00000FC3
AN0                               00000000
AN1                               00000001
AN2                               00000002
AN3                               00000003
AN4                               00000005
AN5                               00000000
AN6                               00000001
AN7                               00000002
BANKED                            00000001
BCLIE                             00000003
BCLIF                             00000003
BCLIP                             00000003
BF                                00000000
BGST                              00000005
BOR                               00000000
BRGH                              00000002
BSR                               00000FE0
C                                 00000000
CCP1                              00000002
CCP1CON                           00000FBD
CCP1IE                            00000002
CCP1IF                            00000002
CCP1IP                            00000002
CCP1M0                            00000000
CCP1M1                            00000001
CCP1M2                            00000002
CCP1M3                            00000003
CCP1X                             00000005
CCP1Y                             00000004
CCP2A                             00000003
CCP2CON                           00000FBA
CCP2IE                            00000000
CCP2IF                            00000000
CCP2IP                            00000000
MPASM  5.50                           A2D.ASM   2-7-2015  17:39:08         PAGE  5


SYMBOL TABLE
  LABEL                             VALUE 

CCP2M0                            00000000
CCP2M1                            00000001
CCP2M2                            00000002
CCP2M3                            00000003
CCP2X                             00000005
CCP2Y                             00000004
CCP2_PORTB                        00000003
CCP2_PORTC                        00000001
CCPR1                             00000FBE
CCPR1H                            00000FBF
CCPR1L                            00000FBE
CCPR2                             00000FBB
CCPR2H                            00000FBC
CCPR2L                            00000FBB
CHS0                              00000003
CHS1                              00000004
CHS2                              00000005
CK                                00000006
CKE                               00000006
CKP                               00000004
CLKO                              00000006
CLKOUT                            00000006
CREN                              00000004
CS                                00000002
CSRC                              00000007
D                                 00000005
DATA_ADDRESS                      00000005
DC                                00000001
DC1B0                             00000004
DC1B1                             00000005
DC2B0                             00000004
DC2B1                             00000005
DDRA                              TRISA
DDRB                              TRISB
DDRC                              TRISC
DDRD                              TRISD
DDRE                              TRISE
DONE                              00000002
D_A                               00000005
D_NOT_A                           00000005
EndISR                            0000004C
FAST                              00000001
FERR                              00000002
FSR0                              00000000
FSR0H                             00000FEA
FSR0L                             00000FE9
FSR1                              00000001
FSR1H                             00000FE2
FSR1L                             00000FE1
FSR2                              00000002
FSR2H                             00000FDA
FSR2L                             00000FD9
GCEN                              00000007
MPASM  5.50                           A2D.ASM   2-7-2015  17:39:08         PAGE  6


SYMBOL TABLE
  LABEL                             VALUE 

GIE                               00000007
GIEH                              00000007
GIEL                              00000006
GIE_GIEH                          00000007
GO                                00000002
GO_DONE                           00000002
GO_NOT_DONE                       00000002
I2C_DAT                           00000005
I2C_DATA                          00000005
I2C_READ                          00000002
I2C_START                         00000003
I2C_STOP                          00000004
IBF                               00000007
IBOV                              00000005
INDF0                             00000FEF
INDF1                             00000FE7
INDF2                             00000FDF
INT0                              00000000
INT0E                             00000004
INT0F                             00000001
INT0IE                            00000004
INT0IF                            00000001
INT1                              00000001
INT1E                             00000003
INT1F                             00000000
INT1IE                            00000003
INT1IF                            00000000
INT1IP                            00000006
INT1P                             00000006
INT2                              00000002
INT2E                             00000004
INT2F                             00000001
INT2IE                            00000004
INT2IF                            00000001
INT2IP                            00000007
INT2P                             00000007
INTCON                            00000FF2
INTCON1                           00000FF2
INTCON2                           00000FF1
INTCON3                           00000FF0
INTEDG0                           00000006
INTEDG1                           00000005
INTEDG2                           00000004
IPEN                              00000007
IPR1                              00000F9F
IPR2                              00000FA2
IRVST                             00000005
ISR                               00000032
InitializeAD                      0000004E
LATA                              00000F89
LATA0                             00000000
LATA1                             00000001
LATA2                             00000002
MPASM  5.50                           A2D.ASM   2-7-2015  17:39:08         PAGE  7


SYMBOL TABLE
  LABEL                             VALUE 

LATA3                             00000003
LATA4                             00000004
LATA5                             00000005
LATA6                             00000006
LATB                              00000F8A
LATB0                             00000000
LATB1                             00000001
LATB2                             00000002
LATB3                             00000003
LATB4                             00000004
LATB5                             00000005
LATB6                             00000006
LATB7                             00000007
LATC                              00000F8B
LATC0                             00000000
LATC1                             00000001
LATC2                             00000002
LATC3                             00000003
LATC4                             00000004
LATC5                             00000005
LATC6                             00000006
LATC7                             00000007
LATD                              00000F8C
LATD0                             00000000
LATD1                             00000001
LATD2                             00000002
LATD3                             00000003
LATD4                             00000004
LATD5                             00000005
LATD6                             00000006
LATD7                             00000007
LATE                              00000F8D
LATE0                             00000000
LATE1                             00000001
LATE2                             00000002
LVDCON                            00000FD2
LVDEN                             00000004
LVDIE                             00000002
LVDIF                             00000002
LVDIN                             00000005
LVDIP                             00000002
LVDL0                             00000000
LVDL1                             00000001
LVDL2                             00000002
LVDL3                             00000003
LVV0                              00000000
LVV1                              00000001
LVV2                              00000002
LVV3                              00000003
LWRT                              00000006
Main                              0000002E
N                                 00000004
NOT_A                             00000005
MPASM  5.50                           A2D.ASM   2-7-2015  17:39:08         PAGE  8


SYMBOL TABLE
  LABEL                             VALUE 

NOT_ADDRESS                       00000005
NOT_BOR                           00000000
NOT_DONE                          00000002
NOT_PD                            00000002
NOT_POR                           00000001
NOT_RBPU                          00000007
NOT_RC8                           00000006
NOT_RI                            00000004
NOT_T1SYNC                        00000002
NOT_T3SYNC                        00000002
NOT_TO                            00000003
NOT_TX8                           00000006
NOT_W                             00000002
NOT_WRITE                         00000002
OBF                               00000006
OERR                              00000001
OSC2                              00000006
OSCCON                            00000FD3
OV                                00000003
OtherInt                          00000048
P                                 00000004
PC                                00000FF9
PCFG0                             00000000
PCFG1                             00000001
PCFG2                             00000002
PCFG3                             00000003
PCL                               00000FF9
PCLATH                            00000FFA
PCLATU                            00000FFB
PD                                00000002
PEIE                              00000006
PEIE_GIEL                         00000006
PEN                               00000002
PIE1                              00000F9D
PIE2                              00000FA0
PIR1                              00000F9E
PIR2                              00000FA1
PLUSW0                            00000FEB
PLUSW1                            00000FE3
PLUSW2                            00000FDB
POR                               00000001
PORTA                             00000F80
PORTB                             00000F81
PORTC                             00000F82
PORTD                             00000F83
PORTE                             00000F84
POSTDEC0                          00000FED
POSTDEC1                          00000FE5
POSTDEC2                          00000FDD
POSTINC0                          00000FEE
POSTINC1                          00000FE6
POSTINC2                          00000FDE
PR2                               00000FCB
MPASM  5.50                           A2D.ASM   2-7-2015  17:39:08         PAGE  9


SYMBOL TABLE
  LABEL                             VALUE 

PREINC0                           00000FEC
PREINC1                           00000FE4
PREINC2                           00000FDC
PROD                              00000FF3
PRODH                             00000FF4
PRODL                             00000FF3
PSA                               00000003
PSP0                              00000000
PSP1                              00000001
PSP2                              00000002
PSP3                              00000003
PSP4                              00000004
PSP5                              00000005
PSP6                              00000006
PSP7                              00000007
PSPIE                             00000007
PSPIF                             00000007
PSPIP                             00000007
PSPMODE                           00000004
R                                 00000002
RA0                               00000000
RA1                               00000001
RA2                               00000002
RA3                               00000003
RA4                               00000004
RA5                               00000005
RA6                               00000006
RB0                               00000000
RB1                               00000001
RB2                               00000002
RB3                               00000003
RB4                               00000004
RB5                               00000005
RB6                               00000006
RB7                               00000007
RBIE                              00000003
RBIF                              00000000
RBIP                              00000000
RBPU                              00000007
RC0                               00000000
RC1                               00000001
RC2                               00000002
RC3                               00000003
RC4                               00000004
RC5                               00000005
RC6                               00000006
RC7                               00000007
RC8_9                             00000006
RC9                               00000006
RCD8                              00000000
RCEN                              00000003
RCIE                              00000005
RCIF                              00000005
MPASM  5.50                           A2D.ASM   2-7-2015  17:39:08         PAGE 10


SYMBOL TABLE
  LABEL                             VALUE 

RCIP                              00000005
RCON                              00000FD0
RCREG                             00000FAE
RCSTA                             00000FAB
RD                                00000000
RD0                               00000000
RD1                               00000001
RD16                              00000007
RD2                               00000002
RD3                               00000003
RD4                               00000004
RD5                               00000005
RD6                               00000006
RD7                               00000007
RE0                               00000000
RE1                               00000001
RE2                               00000002
READ_WRITE                        00000002
RI                                00000004
RSEN                              00000001
RX                                00000007
RX9                               00000006
RX9D                              00000000
R_NOT_W                           00000002
R_W                               00000002
S                                 00000003
SCK                               00000003
SCL                               00000003
SCS                               00000000
SD                                00000064
SDA                               00000004
SDI                               00000004
SDO                               00000005
SEN                               00000000
SMP                               00000007
SP0                               00000000
SP1                               00000001
SP2                               00000002
SP3                               00000003
SP4                               00000004
SPBRG                             00000FAF
SPEN                              00000007
SREN                              00000005
SS                                00000005
SSPADD                            00000FC8
SSPBUF                            00000FC9
SSPCON1                           00000FC6
SSPCON2                           00000FC5
SSPEN                             00000005
SSPIE                             00000003
SSPIF                             00000003
SSPIP                             00000003
SSPM0                             00000000
MPASM  5.50                           A2D.ASM   2-7-2015  17:39:08         PAGE 11


SYMBOL TABLE
  LABEL                             VALUE 

SSPM1                             00000001
SSPM2                             00000002
SSPM3                             00000003
SSPOV                             00000006
SSPSTAT                           00000FC7
STATUS                            00000FD8
STKFUL                            00000007
STKOVF                            00000007
STKPTR                            00000FFC
STKPTR0                           00000000
STKPTR1                           00000001
STKPTR2                           00000002
STKPTR3                           00000003
STKPTR4                           00000004
STKUNF                            00000006
SWDTE                             00000000
SWDTEN                            00000000
SYNC                              00000004
SetupDelay                        00000060
Start                             00000020
T08BIT                            00000006
T0CKI                             00000004
T0CON                             00000FD5
T0CS                              00000005
T0IE                              00000005
T0IF                              00000002
T0IP                              00000002
T0PS0                             00000000
T0PS1                             00000001
T0PS2                             00000002
T0SE                              00000004
T1CKI                             00000000
T1CKPS0                           00000004
T1CKPS1                           00000005
T1CON                             00000FCD
T1INSYNC                          00000002
T1OSCEN                           00000003
T1OSI                             00000001
T1OSO                             00000000
T1SYNC                            00000002
T2CKPS0                           00000000
T2CKPS1                           00000001
T2CON                             00000FCA
T3CCP1                            00000003
T3CCP2                            00000006
T3CKPS0                           00000004
T3CKPS1                           00000005
T3CON                             00000FB1
T3INSYNC                          00000002
T3SYNC                            00000002
TABLAT                            00000FF5
TBLPTR                            00000FF6
TBLPTRH                           00000FF7
MPASM  5.50                           A2D.ASM   2-7-2015  17:39:08         PAGE 12


SYMBOL TABLE
  LABEL                             VALUE 

TBLPTRL                           00000FF6
TBLPTRU                           00000FF8
TMR0                              00000FD6
TMR0H                             00000FD7
TMR0IE                            00000005
TMR0IF                            00000002
TMR0IP                            00000002
TMR0L                             00000FD6
TMR0ON                            00000007
TMR1                              00000FCE
TMR1CS                            00000001
TMR1H                             00000FCF
TMR1IE                            00000000
TMR1IF                            00000000
TMR1IP                            00000000
TMR1L                             00000FCE
TMR1ON                            00000000
TMR2                              00000FCC
TMR2IE                            00000001
TMR2IF                            00000001
TMR2IP                            00000001
TMR2ON                            00000002
TMR3                              00000FB2
TMR3CS                            00000001
TMR3H                             00000FB3
TMR3IE                            00000001
TMR3IF                            00000001
TMR3IP                            00000001
TMR3L                             00000FB2
TMR3ON                            00000000
TO                                00000003
TOS                               00000FFD
TOSH                              00000FFE
TOSL                              00000FFD
TOSU                              00000FFF
TOUTPS0                           00000003
TOUTPS1                           00000004
TOUTPS2                           00000005
TOUTPS3                           00000006
TRISA                             00000F92
TRISA0                            00000000
TRISA1                            00000001
TRISA2                            00000002
TRISA3                            00000003
TRISA4                            00000004
TRISA5                            00000005
TRISA6                            00000006
TRISB                             00000F93
TRISB0                            00000000
TRISB1                            00000001
TRISB2                            00000002
TRISB3                            00000003
TRISB4                            00000004
MPASM  5.50                           A2D.ASM   2-7-2015  17:39:08         PAGE 13


SYMBOL TABLE
  LABEL                             VALUE 

TRISB5                            00000005
TRISB6                            00000006
TRISB7                            00000007
TRISC                             00000F94
TRISC0                            00000000
TRISC1                            00000001
TRISC2                            00000002
TRISC3                            00000003
TRISC4                            00000004
TRISC5                            00000005
TRISC6                            00000006
TRISC7                            00000007
TRISD                             00000F95
TRISD0                            00000000
TRISD1                            00000001
TRISD2                            00000002
TRISD3                            00000003
TRISD4                            00000004
TRISD5                            00000005
TRISD6                            00000006
TRISD7                            00000007
TRISE                             00000F96
TRISE0                            00000000
TRISE1                            00000001
TRISE2                            00000002
TRMT                              00000001
TX                                00000006
TX8_9                             00000006
TX9                               00000006
TX9D                              00000000
TXD8                              00000000
TXEN                              00000005
TXIE                              00000004
TXIF                              00000004
TXIP                              00000004
TXREG                             00000FAD
TXSTA                             00000FAC
UA                                00000001
VREFM                             00000002
VREFP                             00000003
W                                 00000000
WCOL                              00000007
WDTCON                            00000FD1
WR                                00000001
WREG                              00000FE8
Z                                 00000002
_BORV_25_2                        000000FF
_BORV_27_2                        000000FB
_BORV_42_2                        000000F7
_BORV_45_2                        000000F3
_BOR_OFF_2                        000000FD
_BOR_ON_2                         000000FF
_CCP2MX_OFF_5                     000000FE
MPASM  5.50                           A2D.ASM   2-7-2015  17:39:08         PAGE 14


SYMBOL TABLE
  LABEL                             VALUE 

_CCP2MX_ON_5                      000000FF
_CONFIG0                          00300000
_CONFIG1                          00300001
_CONFIG2                          00300002
_CONFIG3                          00300003
_CONFIG5                          00300005
_CONFIG6                          00300006
_CP_OFF_0                         000000FF
_CP_ON_0                          00000000
_DEVID1                           003FFFFE
_DEVID2                           003FFFFF
_ECIO_OSC_1                       000000FD
_EC_OSC_1                         000000FC
_HSPLL_OSC_1                      000000FE
_HS_OSC_1                         000000FA
_IDLOC0                           00200000
_IDLOC1                           00200001
_IDLOC2                           00200002
_IDLOC3                           00200003
_IDLOC4                           00200004
_IDLOC5                           00200005
_IDLOC6                           00200006
_IDLOC7                           00200007
_LP_OSC_1                         000000F8
_OSCS_OFF_1                       000000FF
_OSCS_ON_1                        000000DF
_PWRT_OFF_2                       000000FF
_PWRT_ON_2                        000000FE
_RCIO_OSC_1                       000000FF
_RC_OSC_1                         000000FB
_STVR_OFF_6                       000000FE
_STVR_ON_6                        000000FF
_WDTPS_128_3                      000000FF
_WDTPS_16_3                       000000F9
_WDTPS_1_3                        000000F1
_WDTPS_2_3                        000000F3
_WDTPS_32_3                       000000FB
_WDTPS_4_3                        000000F5
_WDTPS_64_3                       000000FD
_WDTPS_8_3                        000000F7
_WDT_OFF_3                        000000FE
_WDT_ON_3                         000000FF
_XT_OSC_1                         000000F9
__18F4550                         00000001
__DEBUG                           1
MPASM  5.50                           A2D.ASM   2-7-2015  17:39:08         PAGE 15


MEMORY USAGE MAP ('X' = Used,  '-' = Unused)


0000 : XXXX----XXXX---- ---------------- XXXXXXXXXXXXXXXX XXXXXXXXXXXXXXXX
0040 : XXXXXXXXXXXXXXXX XXXXXXXXXXXXXXXX XXXXXXXXXXXX---- ----------------

All other memory blocks unused.

Program Memory Bytes Used:    84
Program Memory Bytes Free: 32684


Errors   :     2
Warnings :     1 reported,     0 suppressed
Messages :     1 reported,     0 suppressed

